2023-06-12 06:35:54,827 [Worker-5: Loading available Gradle versions] INFO  o.e.b.c.i.u.g.PublishedGradleVersions - Gradle version information cache is out-of-date. Trying to update.
2023-06-13 06:39:29,530 [Worker-3: Loading available Gradle versions] INFO  o.e.b.c.i.u.g.PublishedGradleVersions - Gradle version information cache is out-of-date. Trying to update.
2023-06-14 06:42:36,203 [Worker-3: Loading available Gradle versions] INFO  o.e.b.c.i.u.g.PublishedGradleVersions - Gradle version information cache is out-of-date. Trying to update.
2023-06-14 07:27:54,851 [Worker-1: Loading available Gradle versions] INFO  o.e.b.c.i.u.g.PublishedGradleVersions - Gradle version information cache is up-to-date. Trying to read.
2023-06-14 07:41:54,536 [Worker-13: Creating project "myproject"] INFO  o.e.m.c.i.l.LifecycleMappingFactory - Using org.eclipse.m2e.jdt.JarLifecycleMapping lifecycle mapping for MavenProject: com.sdetqa:myproject:0.0.1-SNAPSHOT @ G:\INFOSYS Lectures & Codes\SELENIUM JAVA CODES PROJECT\myproject\pom.xml.
2023-06-14 07:41:56,447 [Worker-13: Creating project "myproject"] INFO  o.e.m.j.i.AbstractJavaProjectConfigurator - Adding source folder /myproject/src/main/java
2023-06-14 07:41:56,450 [Worker-13: Creating project "myproject"] INFO  o.e.m.j.i.AbstractJavaProjectConfigurator - Adding resource folder /myproject/src/main/resources
2023-06-14 07:41:56,451 [Worker-13: Creating project "myproject"] INFO  o.e.m.j.i.AbstractJavaProjectConfigurator - Adding source folder /myproject/src/test/java
2023-06-14 07:41:56,451 [Worker-13: Creating project "myproject"] INFO  o.e.m.j.i.AbstractJavaProjectConfigurator - Adding resource folder /myproject/src/test/resources
2023-06-14 07:41:57,468 [Worker-14: Building] WARN  o.e.m.c.i.embedder.EclipseLogger - Using platform encoding (Cp1252 actually) to copy filtered resources, i.e. build is platform dependent!
2023-06-14 07:41:57,477 [Worker-14: Building] INFO  o.e.m.c.i.embedder.EclipseLogger - Copying 0 resource
2023-06-14 07:41:57,481 [Worker-14: Building] WARN  o.e.m.c.i.embedder.EclipseLogger - Using platform encoding (Cp1252 actually) to copy filtered resources, i.e. build is platform dependent!
2023-06-14 07:41:57,488 [Worker-14: Building] INFO  o.e.m.c.i.embedder.EclipseLogger - Copying 0 resource
2023-06-14 07:49:01,955 [Worker-16: Building] WARN  o.e.m.c.i.embedder.EclipseLogger - Using platform encoding (Cp1252 actually) to copy filtered resources, i.e. build is platform dependent!
2023-06-14 07:49:01,972 [Worker-16: Building] INFO  o.e.m.c.i.embedder.EclipseLogger - Copying 0 resource
2023-06-14 07:49:01,974 [Worker-16: Building] WARN  o.e.m.c.i.embedder.EclipseLogger - Using platform encoding (Cp1252 actually) to copy filtered resources, i.e. build is platform dependent!
2023-06-14 07:49:01,980 [Worker-16: Building] INFO  o.e.m.c.i.embedder.EclipseLogger - Copying 0 resource
2023-06-14 07:49:09,747 [Worker-19: Building] WARN  o.e.m.c.i.embedder.EclipseLogger - Using platform encoding (Cp1252 actually) to copy filtered resources, i.e. build is platform dependent!
2023-06-14 07:49:09,752 [Worker-19: Building] INFO  o.e.m.c.i.embedder.EclipseLogger - Copying 0 resource
2023-06-14 07:49:09,754 [Worker-19: Building] WARN  o.e.m.c.i.embedder.EclipseLogger - Using platform encoding (Cp1252 actually) to copy filtered resources, i.e. build is platform dependent!
2023-06-14 07:49:09,756 [Worker-19: Building] INFO  o.e.m.c.i.embedder.EclipseLogger - Copying 0 resource
2023-06-14 07:50:01,671 [Worker-16: Building] WARN  o.e.m.c.i.embedder.EclipseLogger - Using platform encoding (Cp1252 actually) to copy filtered resources, i.e. build is platform dependent!
2023-06-14 07:50:01,676 [Worker-16: Building] INFO  o.e.m.c.i.embedder.EclipseLogger - Copying 1 resource
2023-06-14 07:50:01,696 [Worker-16: Building] WARN  o.e.m.c.i.embedder.EclipseLogger - Using platform encoding (Cp1252 actually) to copy filtered resources, i.e. build is platform dependent!
2023-06-14 07:50:01,699 [Worker-16: Building] INFO  o.e.m.c.i.embedder.EclipseLogger - Copying 0 resource
2023-06-14 07:54:05,019 [Worker-19: Building] INFO  o.e.m.c.i.l.LifecycleMappingFactory - Using org.eclipse.m2e.jdt.JarLifecycleMapping lifecycle mapping for MavenProject: com.sdetqa:myproject:0.0.1-SNAPSHOT @ G:\INFOSYS Lectures & Codes\SELENIUM JAVA CODES PROJECT\myproject\pom.xml.
2023-06-14 07:54:07,193 [Worker-16: Download sources and javadoc] INFO  o.e.m.c.i.e.AbstractTransferListenerAdapter - Downloading https://repo.maven.apache.org/maven2/org/testng/testng/6.10/testng-6.10-sources.jar
2023-06-14 07:54:07,206 [Worker-19: Building] WARN  o.e.m.c.i.embedder.EclipseLogger - Using platform encoding (Cp1252 actually) to copy filtered resources, i.e. build is platform dependent!
2023-06-14 07:54:07,211 [Worker-19: Building] INFO  o.e.m.c.i.embedder.EclipseLogger - Copying 0 resource
2023-06-14 07:54:07,216 [Worker-19: Building] WARN  o.e.m.c.i.embedder.EclipseLogger - Using platform encoding (Cp1252 actually) to copy filtered resources, i.e. build is platform dependent!
2023-06-14 07:54:07,219 [Worker-19: Building] INFO  o.e.m.c.i.embedder.EclipseLogger - Copying 0 resource
2023-06-14 07:54:07,577 [Worker-16: Download sources and javadoc] INFO  o.e.m.c.i.e.AbstractTransferListenerAdapter - Downloaded https://repo.maven.apache.org/maven2/org/testng/testng/6.10/testng-6.10-sources.jar
2023-06-14 07:54:07,587 [Worker-16: Download sources and javadoc] INFO  o.e.m.j.internal.DownloadSourcesJob - Downloaded sources for org.testng:testng:6.10
2023-06-14 07:54:07,878 [Worker-16: Download sources and javadoc] INFO  o.e.m.c.i.e.AbstractTransferListenerAdapter - Downloading https://repo.maven.apache.org/maven2/com/beust/jcommander/1.48/jcommander-1.48-sources.jar
2023-06-14 07:54:08,374 [Worker-16: Download sources and javadoc] INFO  o.e.m.c.i.e.AbstractTransferListenerAdapter - Downloaded https://repo.maven.apache.org/maven2/com/beust/jcommander/1.48/jcommander-1.48-sources.jar
2023-06-14 07:54:08,378 [Worker-16: Download sources and javadoc] INFO  o.e.m.j.internal.DownloadSourcesJob - Downloaded sources for com.beust:jcommander:1.48
2023-06-14 07:54:09,216 [Worker-16: Building] WARN  o.e.m.c.i.embedder.EclipseLogger - Using platform encoding (Cp1252 actually) to copy filtered resources, i.e. build is platform dependent!
2023-06-14 07:54:09,227 [Worker-16: Building] INFO  o.e.m.c.i.embedder.EclipseLogger - Copying 1 resource
2023-06-14 07:54:09,246 [Worker-16: Building] WARN  o.e.m.c.i.embedder.EclipseLogger - Using platform encoding (Cp1252 actually) to copy filtered resources, i.e. build is platform dependent!
2023-06-14 07:54:09,250 [Worker-16: Building] INFO  o.e.m.c.i.embedder.EclipseLogger - Copying 0 resource
2023-06-14 07:55:42,927 [Worker-17: Building] WARN  o.e.m.c.i.embedder.EclipseLogger - Using platform encoding (Cp1252 actually) to copy filtered resources, i.e. build is platform dependent!
2023-06-14 07:55:42,931 [Worker-17: Building] INFO  o.e.m.c.i.embedder.EclipseLogger - Copying 1 resource
2023-06-14 07:55:42,938 [Worker-17: Building] WARN  o.e.m.c.i.embedder.EclipseLogger - Using platform encoding (Cp1252 actually) to copy filtered resources, i.e. build is platform dependent!
2023-06-14 07:55:42,940 [Worker-17: Building] INFO  o.e.m.c.i.embedder.EclipseLogger - Copying 0 resource
2023-06-14 07:57:57,584 [Worker-16: Building] WARN  o.e.m.c.i.embedder.EclipseLogger - Using platform encoding (Cp1252 actually) to copy filtered resources, i.e. build is platform dependent!
2023-06-14 07:57:57,588 [Worker-16: Building] INFO  o.e.m.c.i.embedder.EclipseLogger - Copying 1 resource
2023-06-14 07:57:57,596 [Worker-16: Building] WARN  o.e.m.c.i.embedder.EclipseLogger - Using platform encoding (Cp1252 actually) to copy filtered resources, i.e. build is platform dependent!
2023-06-14 07:57:57,601 [Worker-16: Building] INFO  o.e.m.c.i.embedder.EclipseLogger - Copying 0 resource
2023-06-14 07:58:05,886 [Worker-19: Building] WARN  o.e.m.c.i.embedder.EclipseLogger - Using platform encoding (Cp1252 actually) to copy filtered resources, i.e. build is platform dependent!
2023-06-14 07:58:05,903 [Worker-19: Building] INFO  o.e.m.c.i.embedder.EclipseLogger - Copying 1 resource
2023-06-14 07:58:05,906 [Worker-19: Building] WARN  o.e.m.c.i.embedder.EclipseLogger - Using platform encoding (Cp1252 actually) to copy filtered resources, i.e. build is platform dependent!
2023-06-14 07:58:05,908 [Worker-19: Building] INFO  o.e.m.c.i.embedder.EclipseLogger - Copying 0 resource
2023-06-14 07:58:53,562 [Worker-19: Building] WARN  o.e.m.c.i.embedder.EclipseLogger - Using platform encoding (Cp1252 actually) to copy filtered resources, i.e. build is platform dependent!
2023-06-14 07:58:53,566 [Worker-19: Building] INFO  o.e.m.c.i.embedder.EclipseLogger - Copying 1 resource
2023-06-14 07:58:53,569 [Worker-19: Building] WARN  o.e.m.c.i.embedder.EclipseLogger - Using platform encoding (Cp1252 actually) to copy filtered resources, i.e. build is platform dependent!
2023-06-14 07:58:53,571 [Worker-19: Building] INFO  o.e.m.c.i.embedder.EclipseLogger - Copying 0 resource
2023-06-14 07:59:25,544 [main] INFO  o.e.m2e.actions.ExecutePomAction - Creating new launch configuration
2023-06-14 08:00:44,163 [Worker-20: Launching myproject] INFO  o.e.m.i.launch.MavenLaunchDelegate - G:\INFOSYS Lectures & Codes\SELENIUM JAVA CODES PROJECT\myproject
2023-06-14 08:00:44,164 [Worker-20: Launching myproject] INFO  o.e.m.i.launch.MavenLaunchDelegate -  mvn -B clean
2023-06-14 08:01:28,591 [main] INFO  o.e.m2e.actions.ExecutePomAction - Creating new launch configuration
2023-06-14 08:01:52,646 [Worker-18: Launching myproject (1)] INFO  o.e.m.i.launch.MavenLaunchDelegate - G:\INFOSYS Lectures & Codes\SELENIUM JAVA CODES PROJECT\myproject
2023-06-14 08:01:52,646 [Worker-18: Launching myproject (1)] INFO  o.e.m.i.launch.MavenLaunchDelegate -  mvn -B compile
2023-06-14 08:03:17,748 [main] INFO  o.e.m2e.actions.ExecutePomAction - Creating new launch configuration
2023-06-14 08:03:21,679 [Worker-20: Launching myproject (2)] INFO  o.e.m.i.launch.MavenLaunchDelegate - G:\INFOSYS Lectures & Codes\SELENIUM JAVA CODES PROJECT\myproject
2023-06-14 08:03:21,680 [Worker-20: Launching myproject (2)] INFO  o.e.m.i.launch.MavenLaunchDelegate -  mvn -B install
2023-06-14 08:03:48,765 [main] INFO  o.e.m2e.actions.ExecutePomAction - Creating new launch configuration
2023-06-14 08:04:08,839 [Worker-20: Launching myproject (3)] INFO  o.e.m.i.launch.MavenLaunchDelegate - G:\INFOSYS Lectures & Codes\SELENIUM JAVA CODES PROJECT\myproject
2023-06-14 08:04:08,839 [Worker-20: Launching myproject (3)] INFO  o.e.m.i.launch.MavenLaunchDelegate -  mvn -B clean test
2023-06-14 08:08:35,517 [Worker-25: Building] INFO  o.e.m.c.i.l.LifecycleMappingFactory - Using org.eclipse.m2e.jdt.JarLifecycleMapping lifecycle mapping for MavenProject: com.sdetqa:myproject:0.0.1-SNAPSHOT @ G:\INFOSYS Lectures & Codes\SELENIUM JAVA CODES PROJECT\myproject\pom.xml.
2023-06-14 08:08:35,938 [Worker-25: Building] WARN  o.e.m.c.i.embedder.EclipseLogger - Using platform encoding (Cp1252 actually) to copy filtered resources, i.e. build is platform dependent!
2023-06-14 08:08:35,943 [Worker-25: Building] INFO  o.e.m.c.i.embedder.EclipseLogger - Copying 0 resource
2023-06-14 08:08:35,946 [Worker-25: Building] WARN  o.e.m.c.i.embedder.EclipseLogger - Using platform encoding (Cp1252 actually) to copy filtered resources, i.e. build is platform dependent!
2023-06-14 08:08:35,955 [Worker-25: Building] INFO  o.e.m.c.i.embedder.EclipseLogger - Copying 0 resource
2023-06-14 08:09:03,546 [Worker-26: Building] INFO  o.e.m.c.i.l.LifecycleMappingFactory - Using org.eclipse.m2e.jdt.JarLifecycleMapping lifecycle mapping for MavenProject: com.sdetqa:myproject:0.0.1-SNAPSHOT @ G:\INFOSYS Lectures & Codes\SELENIUM JAVA CODES PROJECT\myproject\pom.xml.
2023-06-14 08:09:04,681 [Worker-25: Building] WARN  o.e.m.c.i.embedder.EclipseLogger - Using platform encoding (Cp1252 actually) to copy filtered resources, i.e. build is platform dependent!
2023-06-14 08:09:04,685 [Worker-25: Building] INFO  o.e.m.c.i.embedder.EclipseLogger - Copying 1 resource
2023-06-14 08:09:04,699 [Worker-25: Building] WARN  o.e.m.c.i.embedder.EclipseLogger - Using platform encoding (Cp1252 actually) to copy filtered resources, i.e. build is platform dependent!
2023-06-14 08:09:04,702 [Worker-25: Building] INFO  o.e.m.c.i.embedder.EclipseLogger - Copying 0 resource
2023-06-14 08:09:09,454 [main] INFO  o.e.m2e.actions.ExecutePomAction - Creating new launch configuration
2023-06-14 08:09:18,173 [Worker-22: Launching myproject (4)] INFO  o.e.m.i.launch.MavenLaunchDelegate - G:\INFOSYS Lectures & Codes\SELENIUM JAVA CODES PROJECT\myproject
2023-06-14 08:09:18,173 [Worker-22: Launching myproject (4)] INFO  o.e.m.i.launch.MavenLaunchDelegate -  mvn -B test
